make all --print-data-base --no-builtin-variables --no-builtin-rules --question
# GNU Make 3.81
# Copyright (C) 2006  Free Software Foundation, Inc.
# This is free software; see the source for copying conditions.
# There is NO warranty; not even for MERCHANTABILITY or FITNESS FOR A
# PARTICULAR PURPOSE.

# This program built for i386-apple-darwin11.3.0

# Make data base, printed on Sun May 15 13:52:43 2022

# Variables

# automatic
<D = $(patsubst %/,%,$(dir $<))
# automatic
?F = $(notdir $?)
# environment
VSCODE_LOG_NATIVE = false
# automatic
?D = $(patsubst %/,%,$(dir $?))
# makefile (from `Makefile', line 11)
IMAGE_TEST_NAME = $(IMG_NAME)_test_$(ARCH)
# automatic
@D = $(patsubst %/,%,$(dir $@))
# automatic
@F = $(notdir $@)
# makefile (from `Makefile', line 2)
NS = dhf0820
# makefile
CURDIR := /Users/dhf/Dropbox/development/ids/services/ids_document
# makefile
SHELL = /bin/sh
# environment
VSCODE_NLS_CONFIG = {"locale":"en-us","availableLanguages":{},"_languagePackSupport":true}
# environment
_ = /usr/bin/make
# makefile (from `Makefile', line 10)
IMAGE_NAME = $(IMG_NAME)_$(ARCH)
# makefile (from `Makefile', line 26)
GOBUILD = $(GOCMD) build
# makefile (from `Makefile', line 1)
MAKEFILE_LIST :=  Makefile
# environment
VSCODE_AMD_ENTRYPOINT = vs/workbench/api/node/extensionHostProcess
# makefile (from `Makefile', line 7)
VERSION = $(TAG)
# environment
VSCODE_VERBOSE_LOGGING = true
# environment
__CFBundleIdentifier = com.microsoft.VSCode
# environment
INFOPATH = /opt/homebrew/share/info:
# environment
VSCODE_IPC_HOOK_EXTHOST = /var/folders/d5/_rdllmh520s_t3zrf73qndth0000gn/T/vscode-ipc-ef4b8add-fab7-4fa2-8b88-43fb307b5412.sock
# environment
VSCODE_CWD = /
# environment
GOPROXY = https://proxy.golang.org,direct
# environment
PATH = /opt/homebrew/bin:/opt/homebrew/sbin:/usr/local/bin:/usr/bin:/bin:/usr/sbin:/sbin:/usr/local/go/bin
# makefile (from `Makefile', line 9)
IMG_NAME = document
# environment
GOPATH = /Users/dhf/go
# environment
VSCODE_LOG_STACK = false
# environment
ELECTRON_RUN_AS_NODE = 1
# default
.FEATURES := target-specific order-only second-expansion else-if archives jobserver check-symlink
# makefile (from `Makefile', line 3)
TAG = latest
# environment
SSH_AUTH_SOCK = /private/tmp/com.apple.launchd.sq02lhNO8l/Listeners
# automatic
%F = $(notdir $%)
# environment
VSCODE_PIPE_LOGGING = true
# environment
PWD = /Users/dhf/Dropbox/development/ids/services/ids_document
# environment
HOMEBREW_CELLAR = /opt/homebrew/Cellar
# environment
ORIGINAL_XDG_CURRENT_DESKTOP = undefined
# environment
MANPATH = /opt/homebrew/share/man::
# environment
GOMODCACHE = /Users/dhf/go/pkg/mod
# environment
HOME = /Users/dhf
# default
MAKEFILEPATH := /Applications/Xcode.app/Contents/Developer/Makefiles
# environment
VSCODE_CODE_CACHE_PATH = /Users/dhf/Library/Application Support/Code/CachedData/57fd6d0195bb9b9d1b49f6da5db789060795de47
# environment
LOGNAME = dhf
# environment
APPLICATION_INSIGHTS_NO_DIAGNOSTIC_CHANNEL = true
# environment
VSCODE_HANDLES_UNCAUGHT_ERRORS = true
# automatic
^D = $(patsubst %/,%,$(dir $^))
# makefile (from `Makefile', line 5)
TEST = dhf0820
# environment
XPC_FLAGS = 0x0
# default
MAKE = $(MAKE_COMMAND)
# default
MAKECMDGOALS := all
# environment
SHLVL = 1
# default
MAKE_VERSION := 3.81
# environment
USER = dhf
# makefile (from `Makefile', line 6)
PROD = vertisoft
# makefile
.DEFAULT_GOAL := api
# automatic
%D = $(patsubst %/,%,$(dir $%))
# default
MAKE_COMMAND := /Applications/Xcode.app/Contents/Developer/usr/bin/make
# default
.VARIABLES := 
# environment
TMPDIR = /var/folders/d5/_rdllmh520s_t3zrf73qndth0000gn/T/
# automatic
*F = $(notdir $*)
# environment
VSCODE_IPC_HOOK = /Users/dhf/Library/Application Support/Code/1.67.0-main.sock
# makefile (from `Makefile', line 8)
ARCH = $(ARC)
# makefile
MAKEFLAGS = Rrqp
# environment
MFLAGS = -Rrqp
# automatic
*D = $(patsubst %/,%,$(dir $*))
# environment
XPC_SERVICE_NAME = application.com.microsoft.VSCode.31977268.31977274
# environment
HOMEBREW_PREFIX = /opt/homebrew
# automatic
+D = $(patsubst %/,%,$(dir $+))
# automatic
+F = $(notdir $+)
# environment
HOMEBREW_REPOSITORY = /opt/homebrew
# environment
__CF_USER_TEXT_ENCODING = 0x1F5:0x0:0x0
# environment
COMMAND_MODE = unix2003
# default
MAKEFILES := 
# automatic
<F = $(notdir $<)
# environment
LC_ALL = C
# makefile (from `Makefile', line 12)
DOCKER_NAME = $(IMG_NAME)_$(ARCH)
# makefile (from `Makefile', line 25)
GOCMD = go
# automatic
^F = $(notdir $^)
# default
SUFFIXES := 
# environment
MAKELEVEL := 0
# makefile (from `Makefile', line 4)
ARC = amd64
# environment
LANG = C
# environment
VSCODE_PID = 38961
# variable set hash-table stats:
# Load=82/1024=8%, Rehash=0, Collisions=6/114=5%

# Pattern-specific Variable Values

# No pattern-specific variable values.

# Directories

# . (device 16777232, inode 33391287): 25 files, no impossibilities.

# 25 files, no impossibilities in 1 directories.

# Implicit Rules

# No implicit rules.

# Files

# Not a target:
all:
#  Command-line target.
#  Implicit rule search has been done.
#  File does not exist.
#  File has not been updated.
# variable set hash-table stats:
# Load=0/32=0%, Rehash=0, Collisions=0/0=0%

api:
#  Implicit rule search has not been done.
#  Modification time never checked.
#  File has not been updated.
#  commands to execute (from `Makefile', line 34):
	@protoc -I ./protobufs/ \
	--proto_path=./ \
	--go_out=plugins=grpc:./ \
	./protobufs/*.proto
	

# Not a target:
.SUFFIXES:
#  Implicit rule search has not been done.
#  Modification time never checked.
#  File has not been updated.

prod:
#  Implicit rule search has not been done.
#  Modification time never checked.
#  File has not been updated.
#  commands to execute (from `Makefile', line 57):
	CGO_ENABLED=0 GOOS=linux GOARCH=$(ARCH) $(GOBUILD) -o $(IMAGE_NAME) -v
	docker build -t $(PROD)/$(DOCKER_NAME):$(VERSION) -f Dockerfile_$(ARCH) .
	docker push $(PROD)/$(DOCKER_NAME):$(VERSION)
	

# Not a target:
Makefile:
#  Implicit rule search has been done.
#  Last modified 2022-05-15 13:45:19
#  File has been updated.
#  Successfully updated.
# variable set hash-table stats:
# Load=0/32=0%, Rehash=0, Collisions=0/0=0%

test:
#  Implicit rule search has not been done.
#  Modification time never checked.
#  File has not been updated.
#  commands to execute (from `Makefile', line 51):
	CGO_ENABLED=0 GOOS=linux GOARCH=$(ARCH) $(GOBUILD) -o $(IMAGE_NAME) -v
	#CGO_ENABLED=0 GOOS=linux GOARCH=$(ARCH) $(GOBUILD) 
	docker buildx --platform=linux/amd64,linux/arm64,darwin/arm64 -t $(TEST)/$(DOCKER_NAME):$(VERSION) -f Dockerfile_$(ARCH) .
	docker push $(TEST)/$(DOCKER_NAME):$(VERSION)
	

dep:
#  Implicit rule search has not been done.
#  Modification time never checked.
#  File has not been updated.
#  commands to execute (from `Makefile', line 41):
	@go get -v -d ./...
	

build:
#  Implicit rule search has not been done.
#  Modification time never checked.
#  File has not been updated.
#  commands to execute (from `Makefile', line 47):
	CGO_ENABLED=0 GOOS=linux GOARCH=$(ARCH) $(GOBUILD) -o $(IMAGE_NAME) -v
	# $(GOBUILD) -o $(IMAGE_NAME) -v
	

# Not a target:
.DEFAULT:
#  Implicit rule search has not been done.
#  Modification time never checked.
#  File has not been updated.

tidy:
#  Implicit rule search has not been done.
#  Modification time never checked.
#  File has not been updated.
#  commands to execute (from `Makefile', line 44):
	@go mod tidy
	

# files hash-table stats:
# Load=10/1024=1%, Rehash=0, Collisions=0/22=0%
# VPATH Search Paths

# No `vpath' search paths.

# No general (`VPATH' variable) search path.

# # of strings in strcache: 1
# # of strcache buffers: 1
# strcache size: total = 4096 / max = 4096 / min = 4096 / avg = 4096
# strcache free: total = 4087 / max = 4087 / min = 4087 / avg = 4087

# Finished Make data base on Sun May 15 13:52:43 2022

 
make: *** No rule to make target `all'.  Stop.

